<?xml version="1.0" encoding="UTF-8"?>
<robot generator="Robot 6.1.1 (Python 3.12.1 on win32)" generated="20240927 16:30:31.739" rpa="false" schemaversion="4">
<suite id="s1" name="Robot Project Suite" source="C:\Surya\RobotFrameworkProject\robot_project_suite.robot">
<kw name="Start Browser Session" library="CustomLibrary" type="SETUP">
<arg>${LOGIN_URL}</arg>
<arg>${BROWSER}</arg>
<doc>Start a browser session.</doc>
<msg timestamp="20240927 16:30:31.963" level="INFO">Opening browser 'edge' to base url 'https://www.saucedemo.com/'.</msg>
<status status="PASS" starttime="20240927 16:30:31.931" endtime="20240927 16:30:33.904"/>
</kw>
<test id="s1-t1" name="Run Login Tests" line="10">
<kw name="Include Test Suite" library="CustomLibrary">
<arg>tests/login_tests.robot</arg>
<doc>Run a Robot Framework test suite programmatically.
:param suite_file: Path to the test suite .robot file</doc>
<statistics>
<total>
<stat pass="3" fail="0" skip="0">All Tests</stat>
</total>
<tag>
</tag>
<suite>
<stat pass="3" fail="0" skip="0" id="s1" name="Robot Project Suite">Robot Project Suite</stat>
</suite>
</statistics>
<errors>
</errors>
</robot>
&gt;&lt;td colspan="3"&gt;&lt;a href="selenium-screenshot-28.png"&gt;&lt;img src="selenium-screenshot-28.png" width="800px"&gt;&lt;/a&gt;</msg>
<msg timestamp="20240927 16:30:55.989" level="FAIL">InvalidSelectorException: Message: invalid selector
from javascript error: {"status":32,"value":"An invalid or illegal selector was specified"}
  (Session info: MicrosoftEdge=129.0.2792.65); For documentation on this error, please visit: https://www.selenium.dev/documentation/webdriver/troubleshooting/errors#invalid-selector-exception
Stacktrace:
	GetHandleVerifier [0x00007FF78861CEC5+12997]
	Microsoft::Applications::Events::EventProperty::empty [0x00007FF78889BCA4+1897908]
	(No symbol) [0x00007FF7883CF1CC]
	(No symbol) [0x00007FF7883D4EF8]
	(No symbol) [0x00007FF7883D6D41]
	(No symbol) [0x00007FF7883D6DE0]
	(No symbol) [0x00007FF7884162B0]
	(No symbol) [0x00007FF7884167B5]
	(No symbol) [0x00007FF788454F07]
	(No symbol) [0x00007FF788437F8F]
	(No symbol) [0x00007FF78840C09D]
	(No symbol) [0x00007FF788452887]
	(No symbol) [0x00007FF788437BB3]
	(No symbol) [0x00007FF78840B5AC]
	(No symbol) [0x00007FF78840AA8D]
	(No symbol) [0x00007FF78840B171]
	Microsoft::Applications::Events::EventProperty::empty [0x00007FF7887C9DD4+1038052]
	Microsoft::Applications::Events::EventProperty::~EventProperty [0x00007FF7885408BF+56655]
	Microsoft::Applications::Events::EventProperty::~EventProperty [0x00007FF788533063+1267]
	Microsoft::Applications::Events::EventProperty::empty [0x00007FF7887C8B5D+1033325]
	Microsoft::Applications::Events::ILogConfiguration::operator* [0x00007FF7885B9731+327857]
	Microsoft::Applications::Events::ILogConfiguration::operator* [0x00007FF7885B5BB4+312628]
	Microsoft::Applications::Events::ILogConfiguration::operator* [0x00007FF7885B5CE9+312937]
	Microsoft::Applications::Events::ILogConfiguration::operator* [0x00007FF7885AC25C+273372]
	BaseThreadInitThunk [0x00007FFA2AF2257D+29]
	RtlUserThreadStart [0x00007FFA2C18AF28+40]
</msg>
<status status="FAIL" starttime="20240927 16:30:55.690" endtime="20240927 16:30:55.989"/>
</kw>
<kw name="Input Text" library="SeleniumLibrary">
<arg>${PASSWORD_FIELD}</arg>
<arg>${VALID_PASSWORD}</arg>
<doc>Types the given ``text`` into the text field identified by ``locator``.</doc>
<status status="NOT RUN" starttime="20240927 16:30:55.989" endtime="20240927 16:30:55.989"/>
</kw>
<kw name="Click Button" library="SeleniumLibrary">
<arg>${LOGIN_BUTTON}</arg>
<doc>Clicks the button identified by ``locator``.</doc>
<status status="NOT RUN" starttime="20240927 16:30:55.989" endtime="20240927 16:30:55.989"/>
</kw>
<kw name="Wait Until Page Contains" library="SeleniumLibrary">
<arg>Products</arg>
<doc>Waits until ``text`` appears on the current page.</doc>
<status status="NOT RUN" starttime="20240927 16:30:55.989" endtime="20240927 16:30:55.989"/>
</kw>
<status status="FAIL" starttime="20240927 16:30:51.275" endtime="20240927 16:30:55.989"/>
</kw>
<kw name="Click Element" library="SeleniumLibrary">
<arg>${FIRST_PRODUCT}</arg>
<doc>Click the element identified by ``locator``.</doc>
<status status="NOT RUN" starttime="20240927 16:30:55.989" endtime="20240927 16:30:55.989"/>
</kw>
<kw name="Click Button" library="SeleniumLibrary">
<arg>${ADD_TO_CART_BUTTON}</arg>
<doc>Clicks the button identified by ``locator``.</doc>
<status status="NOT RUN" starttime="20240927 16:30:55.989" endtime="20240927 16:30:55.989"/>
</kw>
<kw name="Click Element" library="SeleniumLibrary">
<arg>${CART_ICON}</arg>
<doc>Click the element identified by ``locator``.</doc>
<status status="NOT RUN" starttime="20240927 16:30:55.989" endtime="20240927 16:30:55.989"/>
</kw>
<kw name="Page Should Contain ${FIRST_PRODUCT_NAME}">
<status status="NOT RUN" starttime="20240927 16:30:56.003" endtime="20240927 16:30:56.003"/>
</kw>
<kw name="Close Browser" library="SeleniumLibrary">
<doc>Closes the current browser.</doc>
<status status="NOT RUN" starttime="20240927 16:30:56.003" endtime="20240927 16:30:56.003"/>
</kw>
<status status="FAIL" starttime="20240927 16:30:51.259" endtime="20240927 16:30:56.003">InvalidSelectorException: Message: invalid selector
from javascript error: {"status":32,"value":"An invalid or illegal selector was specified"}
  (Session info: MicrosoftEdge=129.0.2792.65); For documentation on this error, please visit: https://www.selenium.dev/documentation/webdriver/troubleshooting/errors#invalid-selector-exception
Stacktrace:
	GetHandleVerifier [0x00007FF78861CEC5+12997]
	Microsoft::Applications::Events::EventProperty::empty [0x00007FF78889BCA4+1897908]
	(No symbol) [0x00007FF7883CF1CC]
	(No symbol) [0x00007FF7883D4EF8]
	(No symbol) [0x00007FF7883D6D41]
	(No symbol) [0x00007FF7883D6DE0]
	(No symbol) [0x00007FF7884162B0]
	(No symbol) [0x00007FF7884167B5]
	(No symbol) [0x00007FF788454F07]
	(No symbol) [0x00007FF788437F8F]
	(No symbol) [0x00007FF78840C09D]
	(No symbol) [0x00007FF788452887]
    [ Message content over the limit has been removed. ]
	(No symbol) [0x00007FF78840AA8D]
	(No symbol) [0x00007FF78840B171]
	Microsoft::Applications::Events::EventProperty::empty [0x00007FF7887C9DD4+1038052]
	Microsoft::Applications::Events::EventProperty::~EventProperty [0x00007FF7885408BF+56655]
	Microsoft::Applications::Events::EventProperty::~EventProperty [0x00007FF788533063+1267]
	Microsoft::Applications::Events::EventProperty::empty [0x00007FF7887C8B5D+1033325]
	Microsoft::Applications::Events::ILogConfiguration::operator* [0x00007FF7885B9731+327857]
	Microsoft::Applications::Events::ILogConfiguration::operator* [0x00007FF7885B5BB4+312628]
	Microsoft::Applications::Events::ILogConfiguration::operator* [0x00007FF7885B5CE9+312937]
	Microsoft::Applications::Events::ILogConfiguration::operator* [0x00007FF7885AC25C+273372]
	BaseThreadInitThunk [0x00007FFA2AF2257D+29]
	RtlUserThreadStart [0x00007FFA2C18AF28+40]</status>
</test>
<status status="FAIL" starttime="20240927 16:30:51.024" endtime="20240927 16:30:56.003"/>
</suite>
<statistics>
<total>
<stat pass="0" fail="1" skip="0">All Tests</stat>
</total>
<tag>
</tag>
<suite>
<stat pass="0" fail="1" skip="0" id="s1" name="Cart Tests">Cart Tests</stat>
</suite>
</statistics>
<errors>
</errors>
</robot>
